<?xml version="1.0" encoding="UTF-8"?>
<testsuite xmlns:xsi="http://www.w3.org/2001/XMLSchema-instance" xsi:noNamespaceSchemaLocation="https://maven.apache.org/surefire/maven-surefire-plugin/xsd/surefire-test-report-3.0.xsd" version="3.0" name="com.mathbooth.service.conflict.RoomConflictServiceTest" time="0.057" tests="4" errors="0" skipped="0" failures="0">
  <properties>
[...]
</properties>
  <testcase name="testFindRoomConflict_twoOverlappingEvents_returnsConflict" classname="com.mathbooth.service.conflict.RoomConflictServiceTest" time="0.035"/>
  <testcase name="testFindRoomConflict_noConflicts_returnsNoConflicts" classname="com.mathbooth.service.conflict.RoomConflictServiceTest" time="0.007"/>
  <testcase name="testFindRoomConflict_noEvents_returnsEmptyMap" classname="com.mathbooth.service.conflict.RoomConflictServiceTest" time="0.009"/>
  <testcase name="testFindRoomConflict_multipleConflicts_returnsCorrectCount" classname="com.mathbooth.service.conflict.RoomConflictServiceTest" time="0.005"/>
</testsuite>